[1.622s] Invoking command in '/home/pi/ros2_ws_car/src/python_parameters': DEBUGINFOD_URLS=https://debuginfod.ubuntu.com PYTHONPATH=/home/pi/ros2_ws_car/build/python_parameters/prefix_override:/usr/lib/python3/dist-packages/colcon_core/task/python/colcon_distutils_commands:/home/pi/ros2_ws_car/install/python_parameters/lib/python3.12/site-packages:${PYTHONPATH} /usr/bin/python3 -W ignore:setup.py install is deprecated -W ignore:easy_install command is deprecated setup.py egg_info --egg-base ../../build/python_parameters build --build-base /home/pi/ros2_ws_car/build/python_parameters/build install --record /home/pi/ros2_ws_car/build/python_parameters/install.log --single-version-externally-managed install_data
[1.981s] running egg_info
[2.006s] writing ../../build/python_parameters/python_parameters.egg-info/PKG-INFO
[2.007s] writing dependency_links to ../../build/python_parameters/python_parameters.egg-info/dependency_links.txt
[2.008s] writing entry points to ../../build/python_parameters/python_parameters.egg-info/entry_points.txt
[2.009s] writing requirements to ../../build/python_parameters/python_parameters.egg-info/requires.txt
[2.009s] writing top-level names to ../../build/python_parameters/python_parameters.egg-info/top_level.txt
[2.064s] reading manifest file '../../build/python_parameters/python_parameters.egg-info/SOURCES.txt'
[2.065s] adding license file 'LICENSE'
[2.066s] writing manifest file '../../build/python_parameters/python_parameters.egg-info/SOURCES.txt'
[2.066s] running build
[2.066s] running build_py
[2.068s] copying python_parameters/teensy_subscriber.py -> /home/pi/ros2_ws_car/build/python_parameters/build/lib/python_parameters
[2.069s] running install
[2.079s] running install_lib
[2.106s] copying /home/pi/ros2_ws_car/build/python_parameters/build/lib/python_parameters/teensy_subscriber.py -> /home/pi/ros2_ws_car/install/python_parameters/lib/python3.12/site-packages/python_parameters
[2.107s] byte-compiling /home/pi/ros2_ws_car/install/python_parameters/lib/python3.12/site-packages/python_parameters/teensy_subscriber.py to teensy_subscriber.cpython-312.pyc
[2.109s] running install_data
[2.109s] running install_egg_info
[2.138s] removing '/home/pi/ros2_ws_car/install/python_parameters/lib/python3.12/site-packages/python_parameters-0.0.0-py3.12.egg-info' (and everything under it)
[2.138s] Copying ../../build/python_parameters/python_parameters.egg-info to /home/pi/ros2_ws_car/install/python_parameters/lib/python3.12/site-packages/python_parameters-0.0.0-py3.12.egg-info
[2.140s] running install_scripts
[2.324s] Installing listener script to /home/pi/ros2_ws_car/install/python_parameters/lib/python_parameters
[2.324s] Installing odometry_talker script to /home/pi/ros2_ws_car/install/python_parameters/lib/python_parameters
[2.326s] writing list of installed files to '/home/pi/ros2_ws_car/build/python_parameters/install.log'
[2.404s] Invoked command in '/home/pi/ros2_ws_car/src/python_parameters' returned '0': DEBUGINFOD_URLS=https://debuginfod.ubuntu.com PYTHONPATH=/home/pi/ros2_ws_car/build/python_parameters/prefix_override:/usr/lib/python3/dist-packages/colcon_core/task/python/colcon_distutils_commands:/home/pi/ros2_ws_car/install/python_parameters/lib/python3.12/site-packages:${PYTHONPATH} /usr/bin/python3 -W ignore:setup.py install is deprecated -W ignore:easy_install command is deprecated setup.py egg_info --egg-base ../../build/python_parameters build --build-base /home/pi/ros2_ws_car/build/python_parameters/build install --record /home/pi/ros2_ws_car/build/python_parameters/install.log --single-version-externally-managed install_data
