[1.675s] Invoking command in '/home/pi/ros2_ws_car/src/python_parameters': DEBUGINFOD_URLS=https://debuginfod.ubuntu.com PYTHONPATH=/home/pi/ros2_ws_car/build/python_parameters/prefix_override:/usr/lib/python3/dist-packages/colcon_core/task/python/colcon_distutils_commands:/home/pi/ros2_ws_car/install/python_parameters/lib/python3.12/site-packages:${PYTHONPATH} /usr/bin/python3 -W ignore:setup.py install is deprecated -W ignore:easy_install command is deprecated setup.py egg_info --egg-base ../../build/python_parameters build --build-base /home/pi/ros2_ws_car/build/python_parameters/build install --record /home/pi/ros2_ws_car/build/python_parameters/install.log --single-version-externally-managed install_data
[2.038s] running egg_info
[2.063s] writing ../../build/python_parameters/python_parameters.egg-info/PKG-INFO
[2.064s] writing dependency_links to ../../build/python_parameters/python_parameters.egg-info/dependency_links.txt
[2.065s] writing entry points to ../../build/python_parameters/python_parameters.egg-info/entry_points.txt
[2.066s] writing requirements to ../../build/python_parameters/python_parameters.egg-info/requires.txt
[2.067s] writing top-level names to ../../build/python_parameters/python_parameters.egg-info/top_level.txt
[2.122s] reading manifest file '../../build/python_parameters/python_parameters.egg-info/SOURCES.txt'
[2.123s] adding license file 'LICENSE'
[2.124s] writing manifest file '../../build/python_parameters/python_parameters.egg-info/SOURCES.txt'
[2.124s] running build
[2.124s] running build_py
[2.126s] copying python_parameters/teensy_subscriber_odom.py -> /home/pi/ros2_ws_car/build/python_parameters/build/lib/python_parameters
[2.126s] copying python_parameters/teensy_subscriber.py -> /home/pi/ros2_ws_car/build/python_parameters/build/lib/python_parameters
[2.127s] running install
[2.136s] running install_lib
[2.164s] copying /home/pi/ros2_ws_car/build/python_parameters/build/lib/python_parameters/teensy_subscriber_odom.py -> /home/pi/ros2_ws_car/install/python_parameters/lib/python3.12/site-packages/python_parameters
[2.164s] copying /home/pi/ros2_ws_car/build/python_parameters/build/lib/python_parameters/teensy_subscriber.py -> /home/pi/ros2_ws_car/install/python_parameters/lib/python3.12/site-packages/python_parameters
[2.165s] byte-compiling /home/pi/ros2_ws_car/install/python_parameters/lib/python3.12/site-packages/python_parameters/teensy_subscriber_odom.py to teensy_subscriber_odom.cpython-312.pyc
[2.167s] byte-compiling /home/pi/ros2_ws_car/install/python_parameters/lib/python3.12/site-packages/python_parameters/teensy_subscriber.py to teensy_subscriber.cpython-312.pyc
[2.169s] running install_data
[2.169s] running install_egg_info
[2.198s] removing '/home/pi/ros2_ws_car/install/python_parameters/lib/python3.12/site-packages/python_parameters-0.0.0-py3.12.egg-info' (and everything under it)
[2.198s] Copying ../../build/python_parameters/python_parameters.egg-info to /home/pi/ros2_ws_car/install/python_parameters/lib/python3.12/site-packages/python_parameters-0.0.0-py3.12.egg-info
[2.200s] running install_scripts
[2.383s] Installing listener script to /home/pi/ros2_ws_car/install/python_parameters/lib/python_parameters
[2.384s] Installing odometry_talker script to /home/pi/ros2_ws_car/install/python_parameters/lib/python_parameters
[2.385s] writing list of installed files to '/home/pi/ros2_ws_car/build/python_parameters/install.log'
[2.464s] Invoked command in '/home/pi/ros2_ws_car/src/python_parameters' returned '0': DEBUGINFOD_URLS=https://debuginfod.ubuntu.com PYTHONPATH=/home/pi/ros2_ws_car/build/python_parameters/prefix_override:/usr/lib/python3/dist-packages/colcon_core/task/python/colcon_distutils_commands:/home/pi/ros2_ws_car/install/python_parameters/lib/python3.12/site-packages:${PYTHONPATH} /usr/bin/python3 -W ignore:setup.py install is deprecated -W ignore:easy_install command is deprecated setup.py egg_info --egg-base ../../build/python_parameters build --build-base /home/pi/ros2_ws_car/build/python_parameters/build install --record /home/pi/ros2_ws_car/build/python_parameters/install.log --single-version-externally-managed install_data
